[085月2026 00:21:03.507] [main/INFO] [cpw.mods.modlauncher.Launcher/MODLAUNCHER]: ModLauncher running: args [--launchTarget, forgeclientdev, --version, 21.1.228, --assetIndex, 17, --assetsDir, C:\\Users\\greencat.GREENCAT-PC\\.gradle\\caches\\neoformruntime\\assets, --gameDir, ., --fml.fmlVersion, 4.0.42, --fml.mcVersion, 1.21.1, --fml.neoForgeVersion, 21.1.228, --fml.neoFormVersion, 20240808.144430]
[085月2026 00:21:03.510] [main/INFO] [cpw.mods.modlauncher.Launcher/MODLAUNCHER]: JVM identified as Oracle Corporation Java HotSpot(TM) 64-Bit Server VM 21.0.7+8-LTS-245
[085月2026 00:21:03.513] [main/INFO] [cpw.mods.modlauncher.Launcher/MODLAUNCHER]: ModLauncher 11.0.5+main.901c6ea8 starting: java version 21.0.7 by Oracle Corporation; OS Windows 11 arch amd64 version 10.0
[085月2026 00:21:03.705] [main/INFO] [net.neoforged.fml.loading.ImmediateWindowHandler/]: Loading ImmediateWindowProvider fmlearlywindow
[085月2026 00:21:03.882] [main/INFO] [EARLYDISPLAY/]: Trying GL version 4.6
[085月2026 00:21:04.209] [main/INFO] [EARLYDISPLAY/]: Requested GL version 4.6 got version 4.6
[085月2026 00:21:04.321] [main/INFO] [mixin/]: SpongePowered MIXIN Subsystem Version=0.8.7 Source=union:/C:/Users/greencat.GREENCAT-PC/.gradle/caches/modules-2/files-2.1/net.fabricmc/sponge-mixin/0.15.2+mixin.0.8.7/2af2f021d8e02a0220dc27a7a72b4666d66d44ca/sponge-mixin-0.15.2+mixin.0.8.7.jar%23138!/ Service=ModLauncher Env=CLIENT
[085月2026 00:21:04.524] [pool-2-thread-1/INFO] [EARLYDISPLAY/]: GL info: NVIDIA GeForce RTX 5080 Laptop GPU/PCIe/SSE2 GL version 4.6.0 NVIDIA 591.86, NVIDIA Corporation
[085月2026 00:21:04.876] [main/INFO] [net.neoforged.fml.loading.moddiscovery.locators.JarInJarDependencyLocator/]: Found 2 dependencies adding them to mods collection
[085月2026 00:21:04.877] [main/INFO] [net.neoforged.fml.loading.moddiscovery.ModDiscoverer/]: 
     Mod List:
		Name Version (Mod Id)

		CreatePinkSpiral 1.0-SNAPSHOT (createpinkspiral)
		Minecraft 1.21.1 (minecraft)
		NeoForge 21.1.228 (neoforge)
[085月2026 00:21:05.926] [main/INFO] [mixin/]: Compatibility level set to JAVA_21
[085月2026 00:21:05.934] [main/INFO] [cpw.mods.modlauncher.LaunchServiceHandler/MODLAUNCHER]: Launching target 'forgeclientdev' with arguments [--version, 21.1.228, --gameDir, ., --assetsDir, C:\Users\greencat.GREENCAT-PC\.gradle\caches\neoformruntime\assets, --assetIndex, 17]
[085月2026 00:21:08.739] [Datafixer Bootstrap/INFO] [com.mojang.datafixers.DataFixerBuilder/]: 229 Datafixer optimizations took 368 milliseconds
[085月2026 00:21:09.105] [pool-7-thread-1/INFO] [MixinExtras|Service/]: Initializing MixinExtras via com.llamalad7.mixinextras.service.MixinExtrasServiceImpl(version=0.5.3).
[085月2026 00:21:14.472] [main/WARN] [net.minecraft.commands.Commands/]: Ambiguity between arguments [teleport, location] and [teleport, destination] with inputs: [0.1 -0.5 .9, 0 0 0]
[085月2026 00:21:14.473] [main/WARN] [net.minecraft.commands.Commands/]: Ambiguity between arguments [teleport, location] and [teleport, targets] with inputs: [0.1 -0.5 .9, 0 0 0]
[085月2026 00:21:14.476] [main/WARN] [net.minecraft.commands.Commands/]: Ambiguity between arguments [teleport, destination] and [teleport, targets] with inputs: [Player, 0123, @e, dd12be42-52a9-4a91-a8a1-11c01849e498]
[085月2026 00:21:14.477] [main/WARN] [net.minecraft.commands.Commands/]: Ambiguity between arguments [teleport, targets] and [teleport, destination] with inputs: [Player, 0123, dd12be42-52a9-4a91-a8a1-11c01849e498]
[085月2026 00:21:14.478] [main/WARN] [net.minecraft.commands.Commands/]: Ambiguity between arguments [teleport, targets, location] and [teleport, targets, destination] with inputs: [0.1 -0.5 .9, 0 0 0]
[085月2026 00:21:14.623] [Render thread/WARN] [net.minecraft.server.packs.VanillaPackResourcesBuilder/]: Assets URL 'union:/C:/Users/greencat.GREENCAT-PC/IdeaProjects/CreatePinkSpiral/build/moddev/artifacts/neoforge-21.1.228.jar%23189!/assets/.mcassetsroot' uses unexpected schema
[085月2026 00:21:14.623] [Render thread/WARN] [net.minecraft.server.packs.VanillaPackResourcesBuilder/]: Assets URL 'union:/C:/Users/greencat.GREENCAT-PC/IdeaProjects/CreatePinkSpiral/build/moddev/artifacts/neoforge-21.1.228.jar%23189!/data/.mcassetsroot' uses unexpected schema
[085月2026 00:21:14.671] [Render thread/INFO] [com.mojang.authlib.yggdrasil.YggdrasilAuthenticationService/]: Environment: Environment[sessionHost=https://sessionserver.mojang.com, servicesHost=https://api.minecraftservices.com, name=PROD]
[085月2026 00:21:14.680] [Render thread/INFO] [net.minecraft.client.Minecraft/]: Setting user: Dev
[085月2026 00:21:14.765] [Render thread/INFO] [net.minecraft.client.Minecraft/]: Backend library: LWJGL version 3.3.3+5
[085月2026 00:21:15.110] [modloading-worker-0/INFO] [net.neoforged.neoforge.common.NeoForgeMod/NEOFORGE-MOD]: NeoForge mod loading, version 21.1.228, for MC 1.21.1
[085月2026 00:21:16.064] [Render thread/INFO] [net.neoforged.neoforge.gametest.GameTestHooks/]: Enabled Gametest Namespaces: [createpinkspiral]
[085月2026 00:21:16.224] [Render thread/INFO] [net.minecraft.server.packs.resources.ReloadableResourceManager/]: Reloading ResourceManager: vanilla, mod_resources, mod/createpinkspiral, mod/neoforge
[085月2026 00:21:16.236] [Worker-Main-1/INFO] [dev.onyxcat.pinkspiral.PinkSpiral/]: HELLO FROM COMMON SETUP
[085月2026 00:21:16.236] [Worker-Main-1/INFO] [dev.onyxcat.pinkspiral.PinkSpiral/]: DIRT BLOCK >> minecraft:dirt
[085月2026 00:21:16.236] [Worker-Main-1/INFO] [dev.onyxcat.pinkspiral.PinkSpiral/]: The magic number is... 42
[085月2026 00:21:16.236] [Worker-Main-1/INFO] [dev.onyxcat.pinkspiral.PinkSpiral/]: ITEM >> minecraft:iron_ingot
[085月2026 00:21:16.552] [Worker-Main-24/INFO] [dev.onyxcat.pinkspiral.PinkSpiral/]: HELLO FROM CLIENT SETUP
[085月2026 00:21:16.552] [Worker-Main-24/INFO] [dev.onyxcat.pinkspiral.PinkSpiral/]: MINECRAFT NAME >> Dev
[085月2026 00:21:16.553] [Worker-Main-7/INFO] [net.minecraft.client.gui.font.providers.UnihexProvider/]: Found unifont_jp_patch-15.1.05.hex, loading
[085月2026 00:21:16.553] [Worker-Main-25/INFO] [net.minecraft.client.gui.font.providers.UnihexProvider/]: Found unifont_all_no_pua-15.1.05.hex, loading
[085月2026 00:21:17.150] [Worker-Main-8/WARN] [net.minecraft.client.resources.model.BlockStateModelLoader/]: Exception loading blockstate definition: 'createpinkspiral:blockstates/example_block.json' missing model for variant: 'createpinkspiral:example_block#'
[085月2026 00:21:17.152] [Worker-Main-8/WARN] [net.minecraft.client.resources.model.ModelBakery/]: Unable to load model: 'createpinkspiral:item/example_block' referenced from: createpinkspiral:item/example_block: java.io.FileNotFoundException: createpinkspiral:models/item/example_block.json
[085月2026 00:21:17.154] [Worker-Main-8/WARN] [net.minecraft.client.resources.model.ModelBakery/]: Unable to load model: 'createpinkspiral:item/example_item' referenced from: createpinkspiral:item/example_item: java.io.FileNotFoundException: createpinkspiral:models/item/example_item.json
[085月2026 00:21:18.111] [Render thread/WARN] [net.minecraft.client.sounds.SoundEngine/]: Missing sound for event: minecraft:item.goat_horn.play
[085月2026 00:21:18.111] [Render thread/WARN] [net.minecraft.client.sounds.SoundEngine/]: Missing sound for event: minecraft:entity.goat.screaming.horn_break
[085月2026 00:21:18.400] [Render thread/INFO] [com.mojang.blaze3d.audio.Library/]: OpenAL initialized on device OpenAL Soft on 扬声器 (2- Senary Audio)
[085月2026 00:21:18.400] [Render thread/INFO] [net.minecraft.client.sounds.SoundEngine/SOUNDS]: Sound engine started
[085月2026 00:21:18.478] [Render thread/INFO] [net.minecraft.client.renderer.texture.TextureAtlas/]: Created: 1024x512x4 minecraft:textures/atlas/blocks.png-atlas
[085月2026 00:21:18.487] [Render thread/INFO] [net.minecraft.client.renderer.texture.TextureAtlas/]: Created: 256x256x4 minecraft:textures/atlas/signs.png-atlas
[085月2026 00:21:18.487] [Render thread/INFO] [net.minecraft.client.renderer.texture.TextureAtlas/]: Created: 512x512x4 minecraft:textures/atlas/banner_patterns.png-atlas
[085月2026 00:21:18.487] [Render thread/INFO] [net.minecraft.client.renderer.texture.TextureAtlas/]: Created: 512x512x4 minecraft:textures/atlas/shield_patterns.png-atlas
[085月2026 00:21:18.488] [Render thread/INFO] [net.minecraft.client.renderer.texture.TextureAtlas/]: Created: 1024x1024x4 minecraft:textures/atlas/armor_trims.png-atlas
[085月2026 00:21:18.489] [Render thread/INFO] [net.minecraft.client.renderer.texture.TextureAtlas/]: Created: 128x64x4 minecraft:textures/atlas/decorated_pot.png-atlas
[085月2026 00:21:18.490] [Render thread/INFO] [net.minecraft.client.renderer.texture.TextureAtlas/]: Created: 256x256x4 minecraft:textures/atlas/chest.png-atlas
[085月2026 00:21:18.490] [Render thread/INFO] [net.minecraft.client.renderer.texture.TextureAtlas/]: Created: 512x256x4 minecraft:textures/atlas/shulker_boxes.png-atlas
[085月2026 00:21:18.490] [Render thread/INFO] [net.minecraft.client.renderer.texture.TextureAtlas/]: Created: 512x256x4 minecraft:textures/atlas/beds.png-atlas
[085月2026 00:21:18.719] [Render thread/INFO] [net.minecraft.client.renderer.texture.TextureAtlas/]: Created: 512x256x0 minecraft:textures/atlas/particles.png-atlas
[085月2026 00:21:18.720] [Render thread/INFO] [net.minecraft.client.renderer.texture.TextureAtlas/]: Created: 512x256x0 minecraft:textures/atlas/paintings.png-atlas
[085月2026 00:21:18.720] [Render thread/INFO] [net.minecraft.client.renderer.texture.TextureAtlas/]: Created: 256x128x0 minecraft:textures/atlas/mob_effects.png-atlas
[085月2026 00:21:18.720] [Render thread/INFO] [net.minecraft.client.renderer.texture.TextureAtlas/]: Created: 64x64x0 minecraft:textures/atlas/map_decorations.png-atlas
[085月2026 00:21:18.720] [Render thread/INFO] [net.minecraft.client.renderer.texture.TextureAtlas/]: Created: 1024x512x0 minecraft:textures/atlas/gui.png-atlas
[085月2026 00:21:18.832] [Render thread/WARN] [net.minecraft.client.renderer.ShaderInstance/]: Shader rendertype_entity_translucent_emissive could not find sampler named Sampler2 in the specified shader program.
[085月2026 00:21:19.087] [Render thread/INFO] [net.neoforged.neoforge.client.entity.animation.json.AnimationLoader/]: Loaded 0 entity animations
[085月2026 00:21:24.590] [Render thread/INFO] [net.minecraft.server.packs.resources.ReloadableResourceManager/]: Reloading ResourceManager: vanilla, mod_resources, mod/createpinkspiral, mod/neoforge
[085月2026 00:21:24.593] [Worker-Main-30/INFO] [net.minecraft.client.gui.font.providers.UnihexProvider/]: Found unifont_all_no_pua-15.1.05.hex, loading
[085月2026 00:21:24.593] [Worker-Main-23/INFO] [net.minecraft.client.gui.font.providers.UnihexProvider/]: Found unifont_jp_patch-15.1.05.hex, loading
[085月2026 00:21:24.998] [Worker-Main-18/WARN] [net.minecraft.client.resources.model.BlockStateModelLoader/]: Exception loading blockstate definition: 'createpinkspiral:blockstates/example_block.json' missing model for variant: 'createpinkspiral:example_block#'
[085月2026 00:21:25.000] [Worker-Main-18/WARN] [net.minecraft.client.resources.model.ModelBakery/]: Unable to load model: 'createpinkspiral:item/example_block' referenced from: createpinkspiral:item/example_block: java.io.FileNotFoundException: createpinkspiral:models/item/example_block.json
[085月2026 00:21:25.002] [Worker-Main-18/WARN] [net.minecraft.client.resources.model.ModelBakery/]: Unable to load model: 'createpinkspiral:item/example_item' referenced from: createpinkspiral:item/example_item: java.io.FileNotFoundException: createpinkspiral:models/item/example_item.json
[085月2026 00:21:25.232] [Render thread/WARN] [net.minecraft.client.sounds.SoundEngine/]: Missing sound for event: minecraft:item.goat_horn.play
[085月2026 00:21:25.232] [Render thread/WARN] [net.minecraft.client.sounds.SoundEngine/]: Missing sound for event: minecraft:entity.goat.screaming.horn_break
[085月2026 00:21:25.426] [Render thread/INFO] [com.mojang.blaze3d.audio.Library/]: OpenAL initialized on device OpenAL Soft on 扬声器 (2- Senary Audio)
[085月2026 00:21:25.426] [Render thread/INFO] [net.minecraft.client.sounds.SoundEngine/SOUNDS]: Sound engine started
[085月2026 00:21:25.456] [Render thread/INFO] [net.minecraft.client.renderer.texture.TextureAtlas/]: Created: 1024x512x4 minecraft:textures/atlas/blocks.png-atlas
[085月2026 00:21:25.459] [Render thread/INFO] [net.minecraft.client.renderer.texture.TextureAtlas/]: Created: 256x256x4 minecraft:textures/atlas/signs.png-atlas
[085月2026 00:21:25.459] [Render thread/INFO] [net.minecraft.client.renderer.texture.TextureAtlas/]: Created: 512x512x4 minecraft:textures/atlas/banner_patterns.png-atlas
[085月2026 00:21:25.459] [Render thread/INFO] [net.minecraft.client.renderer.texture.TextureAtlas/]: Created: 512x512x4 minecraft:textures/atlas/shield_patterns.png-atlas
[085月2026 00:21:25.460] [Render thread/INFO] [net.minecraft.client.renderer.texture.TextureAtlas/]: Created: 1024x1024x4 minecraft:textures/atlas/armor_trims.png-atlas
[085月2026 00:21:25.461] [Render thread/INFO] [net.minecraft.client.renderer.texture.TextureAtlas/]: Created: 128x64x4 minecraft:textures/atlas/decorated_pot.png-atlas
[085月2026 00:21:25.461] [Render thread/INFO] [net.minecraft.client.renderer.texture.TextureAtlas/]: Created: 256x256x4 minecraft:textures/atlas/chest.png-atlas
[085月2026 00:21:25.461] [Render thread/INFO] [net.minecraft.client.renderer.texture.TextureAtlas/]: Created: 512x256x4 minecraft:textures/atlas/shulker_boxes.png-atlas
[085月2026 00:21:25.461] [Render thread/INFO] [net.minecraft.client.renderer.texture.TextureAtlas/]: Created: 512x256x4 minecraft:textures/atlas/beds.png-atlas
[085月2026 00:21:25.467] [Render thread/INFO] [net.minecraft.client.renderer.texture.TextureAtlas/]: Created: 512x256x0 minecraft:textures/atlas/particles.png-atlas
[085月2026 00:21:25.467] [Render thread/INFO] [net.minecraft.client.renderer.texture.TextureAtlas/]: Created: 512x256x0 minecraft:textures/atlas/paintings.png-atlas
[085月2026 00:21:25.467] [Render thread/INFO] [net.minecraft.client.renderer.texture.TextureAtlas/]: Created: 256x128x0 minecraft:textures/atlas/mob_effects.png-atlas
[085月2026 00:21:25.467] [Render thread/INFO] [net.minecraft.client.renderer.texture.TextureAtlas/]: Created: 64x64x0 minecraft:textures/atlas/map_decorations.png-atlas
[085月2026 00:21:25.468] [Render thread/INFO] [net.minecraft.client.renderer.texture.TextureAtlas/]: Created: 1024x512x0 minecraft:textures/atlas/gui.png-atlas
[085月2026 00:21:25.477] [Render thread/WARN] [net.minecraft.client.renderer.ShaderInstance/]: Shader rendertype_entity_translucent_emissive could not find sampler named Sampler2 in the specified shader program.
[085月2026 00:21:25.498] [Render thread/INFO] [net.neoforged.neoforge.client.entity.animation.json.AnimationLoader/]: Loaded 0 entity animations
[085月2026 00:21:50.008] [Render thread/INFO] [net.minecraft.client.Minecraft/]: Stopping!
